# JRE version: OpenJDK Runtime Environment (8.0_242-b01) (build 1.8.0_242-release-1644-b01)
# Java VM: OpenJDK 64-Bit Server VM (25.242-b01 mixed mode windows-amd64 compressed oops)
Heap:
 PSYoungGen      total 43008K, used 33539K [0x00000000d5580000, 0x00000000da980000, 0x0000000100000000)
  eden space 36864K, 80% used [0x00000000d5580000,0x00000000d72a0638,0x00000000d7980000)
  from space 6144K, 60% used [0x00000000d7f80000,0x00000000d83205e8,0x00000000d8580000)
  to   space 6144K, 0% used [0x00000000d7980000,0x00000000d7980000,0x00000000d7f80000)
 ParOldGen       total 98304K, used 8K [0x0000000080000000, 0x0000000086000000, 0x00000000d5580000)
  object space 98304K, 0% used [0x0000000080000000,0x0000000080002000,0x0000000086000000)
 Metaspace       used 12450K, capacity 12822K, committed 13056K, reserved 1060864K
  class space    used 1667K, capacity 1777K, committed 1792K, reserved 1048576K
GC Heap History (4 events):
Event: 2.793 GC heap before
{Heap before GC invocations=1 (full 0):
 PSYoungGen      total 43008K, used 36864K [0x00000000d5580000, 0x00000000d8580000, 0x0000000100000000)
  eden space 36864K, 100% used [0x00000000d5580000,0x00000000d7980000,0x00000000d7980000)
  from space 6144K, 0% used [0x00000000d7f80000,0x00000000d7f80000,0x00000000d8580000)
  to   space 6144K, 0% used [0x00000000d7980000,0x00000000d7980000,0x00000000d7f80000)
 ParOldGen       total 98304K, used 0K [0x0000000080000000, 0x0000000086000000, 0x00000000d5580000)
  object space 98304K, 0% used [0x0000000080000000,0x0000000080000000,0x0000000086000000)
 Metaspace       used 7260K, capacity 7518K, committed 7680K, reserved 1056768K
  class space    used 890K, capacity 973K, committed 1024K, reserved 1048576K
Event: 2.805 GC heap after
Heap after GC invocations=1 (full 0):
 PSYoungGen      total 43008K, used 4429K [0x00000000d5580000, 0x00000000d8580000, 0x0000000100000000)
  eden space 36864K, 0% used [0x00000000d5580000,0x00000000d5580000,0x00000000d7980000)
  from space 6144K, 72% used [0x00000000d7980000,0x00000000d7dd35f8,0x00000000d7f80000)
  to   space 6144K, 0% used [0x00000000d7f80000,0x00000000d7f80000,0x00000000d8580000)
 ParOldGen       total 98304K, used 8K [0x0000000080000000, 0x0000000086000000, 0x00000000d5580000)
  object space 98304K, 0% used [0x0000000080000000,0x0000000080002000,0x0000000086000000)
 Metaspace       used 7260K, capacity 7518K, committed 7680K, reserved 1056768K
  class space    used 890K, capacity 973K, committed 1024K, reserved 1048576K
}
Event: 3.465 GC heap before
{Heap before GC invocations=2 (full 0):
 PSYoungGen      total 43008K, used 41293K [0x00000000d5580000, 0x00000000d8580000, 0x0000000100000000)
  eden space 36864K, 100% used [0x00000000d5580000,0x00000000d7980000,0x00000000d7980000)
  from space 6144K, 72% used [0x00000000d7980000,0x00000000d7dd35f8,0x00000000d7f80000)
  to   space 6144K, 0% used [0x00000000d7f80000,0x00000000d7f80000,0x00000000d8580000)
 ParOldGen       total 98304K, used 8K [0x0000000080000000, 0x0000000086000000, 0x00000000d5580000)
  object space 98304K, 0% used [0x0000000080000000,0x0000000080002000,0x0000000086000000)
 Metaspace       used 7679K, capacity 7990K, committed 8320K, reserved 1056768K
  class space    used 966K, capacity 1045K, committed 1152K, reserved 1048576K
Event: 3.476 GC heap after
Heap after GC invocations=2 (full 0):
 PSYoungGen      total 43008K, used 3713K [0x00000000d5580000, 0x00000000da980000, 0x0000000100000000)
  eden space 36864K, 0% used [0x00000000d5580000,0x00000000d5580000,0x00000000d7980000)
  from space 6144K, 60% used [0x00000000d7f80000,0x00000000d83205e8,0x00000000d8580000)
  to   space 6144K, 0% used [0x00000000d7980000,0x00000000d7980000,0x00000000d7f80000)
 ParOldGen       total 98304K, used 8K [0x0000000080000000, 0x0000000086000000, 0x00000000d5580000)
  object space 98304K, 0% used [0x0000000080000000,0x0000000080002000,0x0000000086000000)
 Metaspace       used 7679K, capacity 7990K, committed 8320K, reserved 1056768K
  class space    used 966K, capacity 1045K, committed 1152K, reserved 1048576K
}

