# JRE version: OpenJDK Runtime Environment (8.0_242-b01) (build 1.8.0_242-release-1644-b01)
# Java VM: OpenJDK 64-Bit Server VM (25.242-b01 mixed mode windows-amd64 compressed oops)
Heap:
 PSYoungGen      total 615424K, used 311675K [0x00000000d5580000, 0x0000000100000000, 0x0000000100000000)
  eden space 526848K, 52% used [0x00000000d5580000,0x00000000e65c8d60,0x00000000f5800000)
  from space 88576K, 37% used [0x00000000fa980000,0x00000000fc995f58,0x0000000100000000)
  to   space 83456K, 0% used [0x00000000f5800000,0x00000000f5800000,0x00000000fa980000)
 ParOldGen       total 351232K, used 203769K [0x0000000080000000, 0x0000000095700000, 0x00000000d5580000)
  object space 351232K, 58% used [0x0000000080000000,0x000000008c6fe4c8,0x0000000095700000)
 Metaspace       used 116949K, capacity 122638K, committed 122904K, reserved 1155072K
  class space    used 15215K, capacity 16373K, committed 16432K, reserved 1048576K
GC Heap History (10 events):
Event: 75.681 GC heap before
{Heap before GC invocations=16 (full 3):
 PSYoungGen      total 371200K, used 371181K [0x00000000d5580000, 0x00000000ef200000, 0x0000000100000000)
  eden space 339968K, 100% used [0x00000000d5580000,0x00000000ea180000,0x00000000ea180000)
  from space 31232K, 99% used [0x00000000ec880000,0x00000000ee6fb550,0x00000000ee700000)
  to   space 39936K, 0% used [0x00000000ea180000,0x00000000ea180000,0x00000000ec880000)
 ParOldGen       total 201216K, used 45733K [0x0000000080000000, 0x000000008c480000, 0x00000000d5580000)
  object space 201216K, 22% used [0x0000000080000000,0x0000000082ca9418,0x000000008c480000)
 Metaspace       used 93125K, capacity 96886K, committed 97176K, reserved 1134592K
  class space    used 12067K, capacity 12862K, committed 12976K, reserved 1048576K
Event: 75.942 GC heap after
Heap after GC invocations=16 (full 3):
 PSYoungGen      total 379904K, used 39907K [0x00000000d5580000, 0x00000000f7100000, 0x0000000100000000)
  eden space 339968K, 0% used [0x00000000d5580000,0x00000000d5580000,0x00000000ea180000)
  from space 39936K, 99% used [0x00000000ea180000,0x00000000ec878e20,0x00000000ec880000)
  to   space 67584K, 0% used [0x00000000f2f00000,0x00000000f2f00000,0x00000000f7100000)
 ParOldGen       total 201216K, used 105236K [0x0000000080000000, 0x000000008c480000, 0x00000000d5580000)
  object space 201216K, 52% used [0x0000000080000000,0x00000000866c5018,0x000000008c480000)
 Metaspace       used 93125K, capacity 96886K, committed 97176K, reserved 1134592K
  class space    used 12067K, capacity 12862K, committed 12976K, reserved 1048576K
}
Event: 76.288 GC heap before
{Heap before GC invocations=17 (full 3):
 PSYoungGen      total 379904K, used 63430K [0x00000000d5580000, 0x00000000f7100000, 0x0000000100000000)
  eden space 339968K, 6% used [0x00000000d5580000,0x00000000d6c78b00,0x00000000ea180000)
  from space 39936K, 99% used [0x00000000ea180000,0x00000000ec878e20,0x00000000ec880000)
  to   space 67584K, 0% used [0x00000000f2f00000,0x00000000f2f00000,0x00000000f7100000)
 ParOldGen       total 201216K, used 105236K [0x0000000080000000, 0x000000008c480000, 0x00000000d5580000)
  object space 201216K, 52% used [0x0000000080000000,0x00000000866c5018,0x000000008c480000)
 Metaspace       used 94670K, capacity 98472K, committed 98584K, reserved 1134592K
  class space    used 12299K, capacity 13091K, committed 13104K, reserved 1048576K
Event: 76.409 GC heap after
Heap after GC invocations=17 (full 3):
 PSYoungGen      total 487424K, used 29644K [0x00000000d5580000, 0x00000000faa00000, 0x0000000100000000)
  eden space 419840K, 0% used [0x00000000d5580000,0x00000000d5580000,0x00000000eef80000)
  from space 67584K, 43% used [0x00000000f2f00000,0x00000000f4bf31c0,0x00000000f7100000)
  to   space 65024K, 0% used [0x00000000eef80000,0x00000000eef80000,0x00000000f2f00000)
 ParOldGen       total 201216K, used 122770K [0x0000000080000000, 0x000000008c480000, 0x00000000d5580000)
  object space 201216K, 61% used [0x0000000080000000,0x00000000877e4b38,0x000000008c480000)
 Metaspace       used 94670K, capacity 98472K, committed 98584K, reserved 1134592K
  class space    used 12299K, capacity 13091K, committed 13104K, reserved 1048576K
}
Event: 76.409 GC heap before
{Heap before GC invocations=18 (full 4):
 PSYoungGen      total 487424K, used 29644K [0x00000000d5580000, 0x00000000faa00000, 0x0000000100000000)
  eden space 419840K, 0% used [0x00000000d5580000,0x00000000d5580000,0x00000000eef80000)
  from space 67584K, 43% used [0x00000000f2f00000,0x00000000f4bf31c0,0x00000000f7100000)
  to   space 65024K, 0% used [0x00000000eef80000,0x00000000eef80000,0x00000000f2f00000)
 ParOldGen       total 201216K, used 122770K [0x0000000080000000, 0x000000008c480000, 0x00000000d5580000)
  object space 201216K, 61% used [0x0000000080000000,0x00000000877e4b38,0x000000008c480000)
 Metaspace       used 94670K, capacity 98472K, committed 98584K, reserved 1134592K
  class space    used 12299K, capacity 13091K, committed 13104K, reserved 1048576K
Event: 77.413 GC heap after
Heap after GC invocations=18 (full 4):
 PSYoungGen      total 487424K, used 0K [0x00000000d5580000, 0x00000000faa00000, 0x0000000100000000)
  eden space 419840K, 0% used [0x00000000d5580000,0x00000000d5580000,0x00000000eef80000)
  from space 67584K, 0% used [0x00000000f2f00000,0x00000000f2f00000,0x00000000f7100000)
  to   space 65024K, 0% used [0x00000000eef80000,0x00000000eef80000,0x00000000f2f00000)
 ParOldGen       total 351232K, used 132459K [0x0000000080000000, 0x0000000095700000, 0x00000000d5580000)
  object space 351232K, 37% used [0x0000000080000000,0x000000008815af88,0x0000000095700000)
 Metaspace       used 94657K, capacity 98432K, committed 98584K, reserved 1134592K
  class space    used 12295K, capacity 13083K, committed 13104K, reserved 1048576K
}
Event: 83.501 GC heap before
{Heap before GC invocations=19 (full 4):
 PSYoungGen      total 487424K, used 419840K [0x00000000d5580000, 0x00000000faa00000, 0x0000000100000000)
  eden space 419840K, 100% used [0x00000000d5580000,0x00000000eef80000,0x00000000eef80000)
  from space 67584K, 0% used [0x00000000f2f00000,0x00000000f2f00000,0x00000000f7100000)
  to   space 65024K, 0% used [0x00000000eef80000,0x00000000eef80000,0x00000000f2f00000)
 ParOldGen       total 351232K, used 132459K [0x0000000080000000, 0x0000000095700000, 0x00000000d5580000)
  object space 351232K, 37% used [0x0000000080000000,0x000000008815af88,0x0000000095700000)
 Metaspace       used 103579K, capacity 108466K, committed 108568K, reserved 1142784K
  class space    used 13541K, capacity 14552K, committed 14640K, reserved 1048576K
Event: 83.767 GC heap after
Heap after GC invocations=19 (full 4):
 PSYoungGen      total 484864K, used 65006K [0x00000000d5580000, 0x0000000100000000, 0x0000000100000000)
  eden space 419840K, 0% used [0x00000000d5580000,0x00000000d5580000,0x00000000eef80000)
  from space 65024K, 99% used [0x00000000eef80000,0x00000000f2efbbc0,0x00000000f2f00000)
  to   space 88576K, 0% used [0x00000000fa980000,0x00000000fa980000,0x0000000100000000)
 ParOldGen       total 351232K, used 167752K [0x0000000080000000, 0x0000000095700000, 0x00000000d5580000)
  object space 351232K, 47% used [0x0000000080000000,0x000000008a3d2068,0x0000000095700000)
 Metaspace       used 103579K, capacity 108466K, committed 108568K, reserved 1142784K
  class space    used 13541K, capacity 14552K, committed 14640K, reserved 1048576K
}
Event: 110.488 GC heap before
{Heap before GC invocations=20 (full 4):
 PSYoungGen      total 484864K, used 484846K [0x00000000d5580000, 0x0000000100000000, 0x0000000100000000)
  eden space 419840K, 100% used [0x00000000d5580000,0x00000000eef80000,0x00000000eef80000)
  from space 65024K, 99% used [0x00000000eef80000,0x00000000f2efbbc0,0x00000000f2f00000)
  to   space 88576K, 0% used [0x00000000fa980000,0x00000000fa980000,0x0000000100000000)
 ParOldGen       total 351232K, used 167752K [0x0000000080000000, 0x0000000095700000, 0x00000000d5580000)
  object space 351232K, 47% used [0x0000000080000000,0x000000008a3d2068,0x0000000095700000)
 Metaspace       used 108058K, capacity 113184K, committed 113432K, reserved 1146880K
  class space    used 14036K, capacity 15088K, committed 15152K, reserved 1048576K
Event: 110.659 GC heap after
Heap after GC invocations=20 (full 4):
 PSYoungGen      total 615424K, used 32855K [0x00000000d5580000, 0x0000000100000000, 0x0000000100000000)
  eden space 526848K, 0% used [0x00000000d5580000,0x00000000d5580000,0x00000000f5800000)
  from space 88576K, 37% used [0x00000000fa980000,0x00000000fc995f58,0x0000000100000000)
  to   space 83456K, 0% used [0x00000000f5800000,0x00000000f5800000,0x00000000fa980000)
 ParOldGen       total 351232K, used 203769K [0x0000000080000000, 0x0000000095700000, 0x00000000d5580000)
  object space 351232K, 58% used [0x0000000080000000,0x000000008c6fe4c8,0x0000000095700000)
 Metaspace       used 108058K, capacity 113184K, committed 113432K, reserved 1146880K
  class space    used 14036K, capacity 15088K, committed 15152K, reserved 1048576K
}

